OpenJDK 64-Bit Server VM warning: Option UseConcMarkSweepGC was deprecated in version 9.0 and will likely be removed in a future release.
2019-11-28 20:23:53,741 [   2257]   WARN - llij.ide.plugins.PluginManager - EditorConfig not loaded: until build 181.SNAPSHOT < PS-192.7142.41 
2019-11-28 20:23:54,647 [   3163]   WARN - llij.ide.plugins.PluginManager - EditorConfig not loaded: until build 181.SNAPSHOT < PS-192.7142.41 
2019-11-28 20:23:54,775 [   3291]   WARN - llij.ide.plugins.PluginManager - XLIFF Support not loaded: until build 173.SNAPSHOT < PS-192.7142.41 
2019-11-28 20:23:58,995 [   7511]   WARN - s.impl.EditorColorsManagerImpl - Cannot find scheme: VibrantInk from plugin: com.intellij.database 
2019-11-28 20:23:58,995 [   7511]   WARN - s.impl.EditorColorsManagerImpl - Cannot find scheme: WarmNeon from plugin: com.intellij.database 
2019-11-28 20:23:58,995 [   7511]   WARN - s.impl.EditorColorsManagerImpl - Cannot find scheme: High Ñontrast from plugin: com.intellij.database 
2019-11-28 20:23:59,416 [   7932]   WARN - rationStore.ComponentStoreImpl - Duplicated scheme Arc Dark - old: Arc Dark, new Arc Dark 
2019-11-28 20:23:59,424 [   7940]   WARN - rationStore.ComponentStoreImpl - Duplicated scheme Atom One Dark - old: Atom One Dark, new Atom One Dark 
2019-11-28 20:23:59,434 [   7950]   WARN - rationStore.ComponentStoreImpl - Duplicated scheme Atom One Light - old: Atom One Light, new Atom One Light 
2019-11-28 20:23:59,444 [   7960]   WARN - rationStore.ComponentStoreImpl - Duplicated scheme Dracula - old: Dracula, new Dracula 
2019-11-28 20:23:59,449 [   7965]   WARN - rationStore.ComponentStoreImpl - Duplicated scheme GitHub (Material) - old: GitHub (Material), new GitHub (Material) 
2019-11-28 20:23:59,484 [   8000]   WARN - rationStore.ComponentStoreImpl - Duplicated scheme Material Darker - old: Material Darker, new Material Darker 
2019-11-28 20:23:59,522 [   8038]   WARN - rationStore.ComponentStoreImpl - Duplicated scheme Material Deep Ocean - old: Material Deep Ocean, new Material Deep Ocean 
2019-11-28 20:23:59,536 [   8052]   WARN - rationStore.ComponentStoreImpl - Duplicated scheme Material Lighter - old: Material Lighter, new Material Lighter 
2019-11-28 20:23:59,562 [   8078]   WARN - rationStore.ComponentStoreImpl - Duplicated scheme Material Oceanic - old: Material Oceanic, new Material Oceanic 
2019-11-28 20:23:59,575 [   8091]   WARN - rationStore.ComponentStoreImpl - Duplicated scheme Material Palenight - old: Material Palenight, new Material Palenight 
2019-11-28 20:23:59,595 [   8111]   WARN - rationStore.ComponentStoreImpl - Duplicated scheme Material Solarized Dark - old: Material Solarized Dark, new Material Solarized Dark 
2019-11-28 20:23:59,617 [   8133]   WARN - rationStore.ComponentStoreImpl - Duplicated scheme Material Solarized Light - old: Material Solarized Light, new Material Solarized Light 
2019-11-28 20:23:59,627 [   8143]   WARN - rationStore.ComponentStoreImpl - Duplicated scheme Monokai Pro - old: Monokai Pro, new Monokai Pro 
2019-11-28 20:24:44,496 [  53012]  ERROR - terminal.emulator.JediEmulator - Unhandled Control sequence
parsed                        :ESC[?2004h
bytes read                    :ESC[ 
2019-11-28 20:24:45,739 [  54255]  ERROR - terminal.emulator.JediEmulator - Unhandled Control sequence
parsed                        :ESC[?2004l
bytes read                    :ESC[ 
2019-11-28 20:24:45,839 [  54355]  ERROR - terminal.emulator.JediEmulator - Unhandled Control sequence
parsed                        :ESC[?2004h
bytes read                    :ESC[ 
2019-11-28 20:24:45,880 [  54396]  ERROR - terminal.emulator.JediEmulator - Unhandled Control sequence
parsed                        :ESC[?2004l
bytes read                    :ESC[ 
2019-11-28 20:24:45,880 [  54396]  ERROR - terminal.emulator.JediEmulator - Unhandled Control sequence
parsed                        :ESC[?2004h
bytes read                    :ESC[ 
2019-11-28 20:24:46,024 [  54540]  ERROR - terminal.emulator.JediEmulator - Unhandled Control sequence
parsed                        :ESC[?2004l
bytes read                    :ESC[ 
2019-11-28 20:24:46,025 [  54541]  ERROR - terminal.emulator.JediEmulator - Unhandled Control sequence
parsed                        :ESC[?2004h
bytes read                    :ESC[ 
2019-11-28 20:24:46,168 [  54684]  ERROR - terminal.emulator.JediEmulator - Unhandled Control sequence
parsed                        :ESC[?2004l
bytes read                    :ESC[ 
2019-11-28 20:24:46,169 [  54685]  ERROR - terminal.emulator.JediEmulator - Unhandled Control sequence
parsed                        :ESC[?2004h
bytes read                    :ESC[ 
2019-11-28 20:24:46,295 [  54811]  ERROR - terminal.emulator.JediEmulator - Unhandled Control sequence
parsed                        :ESC[?2004l
bytes read                    :ESC[ 
2019-11-28 20:24:46,297 [  54813]  ERROR - terminal.emulator.JediEmulator - Unhandled Control sequence
parsed                        :ESC[?2004h
bytes read                    :ESC[ 
2019-11-28 20:24:46,436 [  54952]  ERROR - terminal.emulator.JediEmulator - Unhandled Control sequence
parsed                        :ESC[?2004l
bytes read                    :ESC[ 
2019-11-28 20:24:46,436 [  54952]  ERROR - terminal.emulator.JediEmulator - Unhandled Control sequence
parsed                        :ESC[?2004h
bytes read                    :ESC[ 
2019-11-28 20:24:54,605 [  63121]  ERROR - terminal.emulator.JediEmulator - Unhandled Control sequence
parsed                        :ESC[?2004l
bytes read                    :ESC[ 
